mode: set
gceme/main.go:48.13,55.18 6 1
gceme/main.go:55.18,58.3 2 1
gceme/main.go:60.2,60.75 1 0
gceme/main.go:60.75,62.3 1 0
gceme/main.go:64.2,64.15 1 0
gceme/main.go:64.15,66.3 1 0
gceme/main.go:66.8,68.3 1 0
gceme/main.go:72.28,75.67 3 1
gceme/main.go:75.67,81.3 5 1
gceme/main.go:82.2,82.74 1 1
gceme/main.go:82.74,84.3 1 1
gceme/main.go:85.2,85.63 1 1
gceme/main.go:89.48,103.67 8 1
gceme/main.go:103.67,106.17 3 1
gceme/main.go:106.17,110.4 3 1
gceme/main.go:111.3,113.17 3 1
gceme/main.go:113.17,117.4 3 0
gceme/main.go:118.3,119.17 2 1
gceme/main.go:119.17,123.4 3 1
gceme/main.go:124.3,124.20 1 1
gceme/main.go:127.2,127.74 1 1
gceme/main.go:127.74,129.17 2 1
gceme/main.go:129.17,133.4 3 1
gceme/main.go:134.3,136.31 3 1
gceme/main.go:138.2,138.63 1 1
gceme/main.go:145.65,146.18 1 1
gceme/main.go:146.18,148.3 1 1
gceme/main.go:149.2,150.16 2 1
gceme/main.go:150.16,152.3 1 1
gceme/main.go:153.2,153.10 1 1
gceme/main.go:156.30,160.23 3 1
gceme/main.go:160.23,163.3 2 1
gceme/main.go:165.2,174.18 9 0
gceme/main.go:174.18,176.3 1 0
gceme/main.go:177.2,177.10 1 0
gceme/metrics.go:46.28,53.2 1 1
gceme/metrics.go:56.105,72.16 9 1
gceme/metrics.go:72.16,75.3 2 1
gceme/metrics.go:79.55,84.29 4 1
gceme/metrics.go:84.29,86.3 1 1
gceme/metrics.go:88.2,101.3 2 1
gceme/metrics.go:105.60,110.24 4 1
gceme/metrics.go:110.24,112.3 1 1
gceme/metrics.go:114.2,115.29 2 1
gceme/metrics.go:115.29,117.3 1 1
gceme/metrics.go:120.2,121.21 2 1
gceme/metrics.go:121.21,123.3 1 1
gceme/metrics.go:123.8,123.29 1 1
gceme/metrics.go:123.29,125.3 1 1
gceme/metrics.go:127.2,127.37 1 1
gceme/metrics.go:127.37,129.3 1 0
gceme/metrics.go:129.8,129.44 1 1
gceme/metrics.go:129.44,131.3 1 0
gceme/metrics.go:133.2,140.3 1 1
gceme/metrics.go:144.27,157.2 11 1
gceme/metrics.go:163.92,165.2 1 1
gceme/metrics.go:168.42,170.2 1 1
gceme/metrics.go:173.47,175.2 1 1
gceme/metrics.go:178.21,180.2 1 1
gceme/metrics.go:183.61,189.59 4 1
gceme/metrics.go:189.59,192.3 2 0
gceme/metrics.go:196.60,203.27 5 1
gceme/metrics.go:203.27,205.3 1 0
gceme/metrics.go:205.8,205.33 1 1
gceme/metrics.go:205.33,207.3 1 0
gceme/metrics.go:209.2,211.58 2 1
gceme/metrics.go:211.58,214.3 2 0
gceme/metrics.go:218.64,242.68 16 1
gceme/metrics.go:242.68,245.40 3 1
gceme/metrics.go:245.40,247.4 1 1
gceme/metrics.go:251.2,251.66 1 1
gceme/metrics.go:251.66,254.42 3 1
gceme/metrics.go:254.42,256.4 1 1
