mode: set
loadbalancer/batch.go:47.106,48.27 1 1
loadbalancer/batch.go:48.27,50.3 1 0
loadbalancer/batch.go:51.2,51.30 1 1
loadbalancer/batch.go:51.30,53.3 1 0
loadbalancer/batch.go:54.2,54.31 1 1
loadbalancer/batch.go:54.31,56.3 1 0
loadbalancer/batch.go:58.2,69.10 3 1
loadbalancer/batch.go:73.80,83.43 3 1
loadbalancer/batch.go:83.43,88.3 3 1
loadbalancer/batch.go:88.8,103.18 6 1
loadbalancer/batch.go:103.18,105.4 1 1
loadbalancer/batch.go:105.9,107.42 1 1
loadbalancer/batch.go:107.42,109.5 1 1
loadbalancer/batch.go:114.2,114.9 1 1
loadbalancer/batch.go:115.32,116.21 1 1
loadbalancer/batch.go:117.26,118.18 1 1
loadbalancer/batch.go:119.20,120.24 1 1
loadbalancer/batch.go:125.31,129.21 3 1
loadbalancer/batch.go:129.21,131.3 1 1
loadbalancer/batch.go:135.27,137.25 2 1
loadbalancer/batch.go:137.25,140.3 2 1
loadbalancer/batch.go:143.2,150.27 6 1
loadbalancer/batch.go:150.27,152.3 1 1
loadbalancer/batch.go:155.2,158.32 2 1
loadbalancer/batch.go:158.32,159.33 1 1
loadbalancer/batch.go:159.33,160.18 1 1
loadbalancer/batch.go:160.18,162.5 1 1
loadbalancer/batch.go:162.10,162.45 1 1
loadbalancer/batch.go:162.45,164.5 1 1
loadbalancer/batch.go:164.10,167.5 1 0
loadbalancer/batch.go:173.47,185.28 5 1
loadbalancer/batch.go:185.28,187.3 1 1
loadbalancer/batch.go:189.2,189.16 1 1
loadbalancer/batch.go:208.92,213.67 2 1
loadbalancer/batch.go:213.67,218.31 3 1
loadbalancer/batch.go:218.31,220.22 2 1
loadbalancer/batch.go:220.22,225.19 3 1
loadbalancer/batch.go:225.19,228.6 2 0
loadbalancer/batch.go:231.5,232.23 2 1
loadbalancer/batch.go:236.3,237.22 2 1
loadbalancer/batch.go:240.2,241.12 2 1
loadbalancer/batch.go:245.85,247.16 2 1
loadbalancer/batch.go:247.16,249.3 1 0
loadbalancer/batch.go:251.2,252.9 2 1
loadbalancer/batch.go:252.9,254.3 1 0
loadbalancer/batch.go:256.2,256.19 1 1
loadbalancer/batch.go:260.60,262.2 1 1
loadbalancer/batch.go:265.48,267.2 1 1
loadbalancer/batch.go:276.76,281.67 2 1
loadbalancer/batch.go:281.67,287.28 3 1
loadbalancer/batch.go:287.28,289.4 1 1
loadbalancer/batch.go:291.3,291.22 1 1
loadbalancer/batch.go:294.2,295.11 2 1
loadbalancer/batch.go:299.84,301.16 2 1
loadbalancer/batch.go:301.16,303.3 1 0
loadbalancer/batch.go:305.2,306.9 2 1
loadbalancer/batch.go:306.9,308.3 1 0
loadbalancer/batch.go:310.2,310.19 1 1
loadbalancer/batch.go:314.53,316.2 1 1
loadbalancer/cache.go:25.39,34.2 1 1
loadbalancer/cache.go:58.67,64.2 1 1
loadbalancer/cache.go:67.53,68.17 1 1
loadbalancer/cache.go:68.17,70.3 1 1
loadbalancer/cache.go:72.2,76.13 4 1
loadbalancer/cache.go:76.13,79.3 2 1
loadbalancer/cache.go:82.2,82.42 1 1
loadbalancer/cache.go:82.42,85.3 2 1
loadbalancer/cache.go:87.2,88.26 2 1
loadbalancer/cache.go:92.75,93.17 1 1
loadbalancer/cache.go:93.17,95.3 1 1
loadbalancer/cache.go:97.2,101.13 4 1
loadbalancer/cache.go:101.13,107.3 2 1
loadbalancer/cache.go:109.2,112.12 4 1
loadbalancer/cache.go:112.12,114.3 1 1
loadbalancer/cache.go:117.2,117.27 1 1
loadbalancer/cache.go:117.27,119.3 1 1
loadbalancer/cache.go:119.8,121.3 1 1
loadbalancer/cache.go:125.47,129.2 3 1
loadbalancer/cache.go:132.32,136.2 3 1
loadbalancer/cache.go:139.50,149.15 8 1
loadbalancer/cache.go:149.15,151.3 1 1
loadbalancer/cache.go:153.2,158.3 1 1
loadbalancer/cache.go:176.65,182.2 1 1
loadbalancer/cache.go:185.62,186.17 1 1
loadbalancer/cache.go:186.17,188.3 1 1
loadbalancer/cache.go:190.2,194.52 3 1
loadbalancer/cache.go:194.52,197.3 2 1
loadbalancer/cache.go:199.2,200.26 2 1
loadbalancer/cache.go:204.59,205.17 1 1
loadbalancer/cache.go:205.17,207.3 1 1
loadbalancer/cache.go:209.2,214.18 5 1
loadbalancer/cache.go:218.36,222.2 3 1
loadbalancer/cache.go:225.49,235.15 8 1
loadbalancer/cache.go:235.15,237.3 1 1
loadbalancer/cache.go:239.2,244.3 1 1
loadbalancer/cache.go:262.69,267.2 1 1
loadbalancer/cache.go:270.50,271.17 1 1
loadbalancer/cache.go:271.17,273.3 1 0
loadbalancer/cache.go:275.2,279.40 3 1
loadbalancer/cache.go:279.40,282.3 2 1
loadbalancer/cache.go:284.2,284.33 1 1
loadbalancer/cache.go:284.33,287.3 2 1
loadbalancer/cache.go:289.2,290.32 2 1
loadbalancer/cache.go:294.50,295.17 1 1
loadbalancer/cache.go:295.17,297.3 1 0
loadbalancer/cache.go:299.2,306.34 6 1
loadbalancer/cache.go:310.38,315.2 4 1
loadbalancer/cache.go:318.45,320.2 1 1
loadbalancer/cache.go:323.51,333.15 8 1
loadbalancer/cache.go:333.15,335.3 1 1
loadbalancer/cache.go:337.2,342.3 1 1
loadbalancer/cache.go:363.56,370.2 1 1
loadbalancer/cache.go:373.47,375.2 1 1
loadbalancer/cache.go:378.45,380.2 1 1
loadbalancer/cache.go:383.49,385.2 1 1
loadbalancer/cache.go:388.41,392.2 3 1
loadbalancer/cache.go:395.65,401.2 1 1
loadbalancer/main.go:25.40,29.2 3 1
loadbalancer/main.go:32.34,37.2 4 1
loadbalancer/main.go:47.51,51.2 3 1
loadbalancer/main.go:54.38,56.2 1 0
loadbalancer/main.go:59.45,61.2 1 1
loadbalancer/main.go:64.80,66.25 1 1
loadbalancer/main.go:66.25,67.68 1 1
loadbalancer/main.go:67.68,71.4 2 0
loadbalancer/main.go:75.2,78.26 3 1
loadbalancer/main.go:78.26,80.3 1 1
loadbalancer/main.go:83.2,84.31 2 1
loadbalancer/main.go:84.31,85.18 1 1
loadbalancer/main.go:85.18,87.4 1 1
loadbalancer/main.go:90.2,90.30 1 1
loadbalancer/main.go:90.30,92.3 1 1
loadbalancer/main.go:95.2,95.25 1 1
loadbalancer/main.go:95.25,97.3 1 0
loadbalancer/main.go:100.2,101.29 2 1
loadbalancer/main.go:105.36,107.2 1 0
loadbalancer/main.go:110.91,116.29 5 1
loadbalancer/main.go:116.29,119.12 3 1
loadbalancer/main.go:119.12,121.4 1 0
loadbalancer/main.go:121.9,123.4 1 1
loadbalancer/main.go:128.47,132.2 3 1
loadbalancer/main.go:135.38,137.2 1 0
loadbalancer/main.go:140.94,144.24 2 1
loadbalancer/main.go:144.24,145.53 1 1
loadbalancer/main.go:145.53,147.4 1 1
loadbalancer/main.go:151.2,155.17 4 1
loadbalancer/main.go:155.17,157.3 1 1
loadbalancer/main.go:157.8,159.3 1 0
loadbalancer/main.go:161.2,165.17 4 1
loadbalancer/main.go:165.17,167.3 1 0
loadbalancer/main.go:170.2,170.24 1 1
loadbalancer/main.go:170.24,172.3 1 1
loadbalancer/main.go:174.2,174.14 1 1
loadbalancer/main.go:185.38,202.2 3 1
loadbalancer/main.go:205.57,207.16 2 1
loadbalancer/main.go:207.16,209.3 1 1
loadbalancer/main.go:211.2,224.12 6 1
loadbalancer/main.go:228.75,230.17 2 1
loadbalancer/main.go:230.17,234.3 3 0
loadbalancer/main.go:236.2,236.71 1 1
loadbalancer/main.go:240.66,242.12 2 1
loadbalancer/main.go:242.12,243.22 1 1
loadbalancer/main.go:243.22,247.4 2 1
loadbalancer/main.go:252.61,254.59 1 1
loadbalancer/main.go:254.59,256.3 1 0
loadbalancer/main.go:259.2,262.29 3 1
loadbalancer/main.go:262.29,269.3 1 1
loadbalancer/main.go:272.2,274.14 2 1
loadbalancer/main.go:279.64,280.33 1 1
loadbalancer/main.go:280.33,283.3 2 1
loadbalancer/main.go:285.2,289.61 2 1
loadbalancer/main.go:289.61,292.3 2 0
loadbalancer/main.go:294.2,294.47 1 1
loadbalancer/main.go:294.47,297.3 2 0
loadbalancer/main.go:299.2,299.30 1 1
loadbalancer/main.go:302.59,306.2 3 1
loadbalancer/main.go:308.60,311.2 2 1
loadbalancer/main.go:313.66,322.2 3 0
loadbalancer/main.go:324.13,343.2 11 0
loadbalancer/pool.go:45.59,46.30 1 1
loadbalancer/pool.go:46.30,48.3 1 1
loadbalancer/pool.go:49.2,49.29 1 1
loadbalancer/pool.go:49.29,51.3 1 1
loadbalancer/pool.go:52.2,52.29 1 1
loadbalancer/pool.go:52.29,54.3 1 1
loadbalancer/pool.go:55.2,55.33 1 1
loadbalancer/pool.go:55.33,57.3 1 1
loadbalancer/pool.go:58.2,58.32 1 1
loadbalancer/pool.go:58.32,60.3 1 1
loadbalancer/pool.go:62.2,72.13 3 1
loadbalancer/pool.go:76.78,84.34 5 1
loadbalancer/pool.go:84.34,93.3 7 1
loadbalancer/pool.go:96.2,101.34 4 1
loadbalancer/pool.go:101.34,110.3 7 1
loadbalancer/pool.go:113.2,134.15 6 1
loadbalancer/pool.go:138.65,145.43 4 1
loadbalancer/pool.go:145.43,147.3 1 0
loadbalancer/pool.go:150.2,150.44 1 1
loadbalancer/pool.go:150.44,152.3 1 0
loadbalancer/pool.go:154.2,154.14 1 1
loadbalancer/pool.go:158.62,162.21 3 1
loadbalancer/pool.go:162.21,164.3 1 1
loadbalancer/pool.go:168.36,173.39 4 1
loadbalancer/pool.go:173.39,179.14 4 1
loadbalancer/pool.go:179.14,182.4 2 1
loadbalancer/pool.go:187.34,193.2 3 1
loadbalancer/pool.go:196.51,206.15 8 1
loadbalancer/pool.go:206.15,208.3 1 1
loadbalancer/pool.go:210.2,217.3 1 1
loadbalancer/pool.go:231.34,236.2 4 1
loadbalancer/profiler.go:43.51,44.28 1 0
loadbalancer/profiler.go:44.28,46.3 1 0
loadbalancer/profiler.go:48.2,53.3 1 0
loadbalancer/profiler.go:57.61,58.16 1 0
loadbalancer/profiler.go:58.16,61.3 2 0
loadbalancer/profiler.go:64.2,64.80 1 0
loadbalancer/profiler.go:64.80,67.3 2 0
loadbalancer/profiler.go:69.2,73.35 4 0
loadbalancer/profiler.go:77.95,78.16 1 0
loadbalancer/profiler.go:78.16,80.3 1 0
loadbalancer/profiler.go:82.2,87.15 5 0
loadbalancer/profiler.go:91.60,97.2 1 0
loadbalancer/profiler.go:100.73,103.13 3 0
loadbalancer/profiler.go:103.13,111.3 2 0
loadbalancer/profiler.go:112.2,120.34 6 0
loadbalancer/profiler.go:120.34,122.3 1 0
loadbalancer/profiler.go:123.2,123.34 1 0
loadbalancer/profiler.go:123.34,125.3 1 0
loadbalancer/profiler.go:127.2,130.26 2 0
loadbalancer/profiler.go:130.26,132.22 2 0
loadbalancer/profiler.go:132.22,134.4 1 0
loadbalancer/profiler.go:135.3,135.37 1 0
loadbalancer/profiler.go:140.67,145.13 4 0
loadbalancer/profiler.go:145.13,147.3 1 0
loadbalancer/profiler.go:150.2,163.52 4 0
loadbalancer/profiler.go:163.52,165.3 1 0
loadbalancer/profiler.go:167.2,167.18 1 0
loadbalancer/profiler.go:171.61,176.33 4 0
loadbalancer/profiler.go:176.33,178.3 1 0
loadbalancer/profiler.go:180.2,180.17 1 0
loadbalancer/profiler.go:184.28,189.2 3 0
loadbalancer/profiler.go:192.40,198.36 4 0
loadbalancer/profiler.go:198.36,206.38 7 0
loadbalancer/profiler.go:206.38,208.46 2 0
loadbalancer/profiler.go:208.46,209.69 1 0
loadbalancer/profiler.go:209.69,211.6 1 0
loadbalancer/profiler.go:215.3,215.18 1 0
loadbalancer/profiler.go:218.2,218.16 1 0
loadbalancer/profiler.go:229.24,230.45 1 0
loadbalancer/profiler.go:230.45,233.3 2 0
loadbalancer/profiler.go:255.58,256.23 1 0
loadbalancer/profiler.go:256.23,258.3 1 0
loadbalancer/profiler.go:260.2,263.3 1 0
loadbalancer/profiler.go:267.57,287.41 7 0
loadbalancer/profiler.go:287.41,289.3 1 0
loadbalancer/profiler.go:291.2,291.17 1 0
loadbalancer/profiler.go:295.59,303.2 5 0
loadbalancer/profiler.go:306.63,310.28 3 0
loadbalancer/profiler.go:310.28,312.3 1 0
loadbalancer/profiler.go:314.2,314.43 1 0
loadbalancer/profiler.go:318.47,320.21 2 0
loadbalancer/profiler.go:320.21,322.3 1 0
loadbalancer/profiler.go:324.2,334.16 10 0
loadbalancer/profiler.go:338.87,341.12 2 0
loadbalancer/profiler.go:341.12,345.7 3 0
loadbalancer/profiler.go:345.7,346.11 1 0
loadbalancer/profiler.go:347.20,348.22 1 0
loadbalancer/profiler.go:349.18,350.11 1 0
loadbalancer/profiler.go:355.2,355.15 1 0
loadbalancer/profiler.go:367.53,368.18 1 0
loadbalancer/profiler.go:368.18,370.3 1 0
loadbalancer/profiler.go:372.2,375.3 1 0
loadbalancer/profiler.go:379.57,388.36 5 0
loadbalancer/profiler.go:388.36,390.3 1 0
loadbalancer/profiler.go:394.75,398.28 3 0
loadbalancer/profiler.go:398.28,400.3 1 0
loadbalancer/profiler.go:403.2,407.35 3 0
loadbalancer/profiler.go:407.35,408.40 1 0
loadbalancer/profiler.go:408.40,409.29 1 0
loadbalancer/profiler.go:409.29,411.5 1 0
loadbalancer/profiler.go:415.2,416.26 2 0
loadbalancer/profiler.go:416.26,418.3 1 0
loadbalancer/profiler.go:420.2,420.22 1 0
loadbalancer/profiler.go:424.55,432.2 1 0
