mode: set
messaging/main.go:40.46,46.2 1 1
messaging/main.go:49.96,73.2 9 1
messaging/main.go:76.77,78.46 1 1
messaging/main.go:78.46,80.38 2 0
messaging/main.go:80.38,82.4 1 0
messaging/main.go:86.2,99.15 7 1
messaging/main.go:103.75,108.13 4 1
messaging/main.go:108.13,110.3 1 0
messaging/main.go:112.2,113.38 2 1
messaging/main.go:113.38,114.47 1 1
messaging/main.go:114.47,116.4 1 1
messaging/main.go:119.2,119.22 1 1
messaging/main.go:123.73,128.13 4 1
messaging/main.go:128.13,130.3 1 0
messaging/main.go:132.2,133.33 2 1
messaging/main.go:133.33,134.46 1 1
messaging/main.go:134.46,136.4 1 1
messaging/main.go:139.2,139.19 1 1
messaging/main.go:143.63,148.13 4 1
messaging/main.go:148.13,150.3 1 0
messaging/main.go:152.2,153.12 2 1
messaging/main.go:157.52,159.2 1 1
messaging/main.go:161.49,162.26 1 0
messaging/main.go:162.26,163.16 1 0
messaging/main.go:163.16,165.4 1 0
messaging/main.go:167.2,167.14 1 0
messaging/main.go:172.65,173.33 1 1
messaging/main.go:173.33,176.3 2 0
messaging/main.go:178.2,184.61 2 1
messaging/main.go:184.61,187.3 2 0
messaging/main.go:189.2,190.16 2 1
messaging/main.go:190.16,193.3 2 0
messaging/main.go:195.2,196.36 2 1
messaging/main.go:199.65,201.18 2 0
messaging/main.go:201.18,204.3 2 0
messaging/main.go:206.2,207.16 2 0
messaging/main.go:207.16,210.3 2 0
messaging/main.go:212.2,213.37 2 0
messaging/main.go:216.66,218.18 2 0
messaging/main.go:218.18,221.3 2 0
messaging/main.go:223.2,224.16 2 0
messaging/main.go:224.16,227.3 2 0
messaging/main.go:229.2,230.34 2 0
messaging/main.go:233.64,234.33 1 0
messaging/main.go:234.33,237.3 2 0
messaging/main.go:239.2,243.61 2 0
messaging/main.go:243.61,246.3 2 0
messaging/main.go:248.2,248.58 1 0
messaging/main.go:248.58,251.3 2 0
messaging/main.go:253.2,253.30 1 0
messaging/main.go:256.60,259.2 2 1
messaging/main.go:261.13,273.2 9 0
